mode: set
github.com/ethereum/go-ethereum/NFTCollateral/pkg/contractclient/contractclient.go:49.20,63.2 13 0
github.com/ethereum/go-ethereum/NFTCollateral/pkg/contractclient/contractclient.go:65.13,87.11 13 0
github.com/ethereum/go-ethereum/NFTCollateral/pkg/contractclient/contractclient.go:87.11,90.3 2 0
github.com/ethereum/go-ethereum/NFTCollateral/pkg/contractclient/contractclient.go:93.2,93.87 1 0
github.com/ethereum/go-ethereum/NFTCollateral/pkg/contractclient/contractclient.go:93.87,95.3 1 0
github.com/ethereum/go-ethereum/NFTCollateral/pkg/contractclient/contractclient.go:98.2,99.16 2 0
github.com/ethereum/go-ethereum/NFTCollateral/pkg/contractclient/contractclient.go:99.16,101.3 1 0
github.com/ethereum/go-ethereum/NFTCollateral/pkg/contractclient/contractclient.go:104.2,104.34 1 0
github.com/ethereum/go-ethereum/NFTCollateral/pkg/contractclient/contractclient.go:104.34,107.17 2 0
github.com/ethereum/go-ethereum/NFTCollateral/pkg/contractclient/contractclient.go:107.17,109.4 1 0
github.com/ethereum/go-ethereum/NFTCollateral/pkg/contractclient/contractclient.go:110.3,110.66 1 0
github.com/ethereum/go-ethereum/NFTCollateral/pkg/contractclient/contractclient.go:111.8,113.24 1 0
github.com/ethereum/go-ethereum/NFTCollateral/pkg/contractclient/contractclient.go:113.24,115.4 1 0
github.com/ethereum/go-ethereum/NFTCollateral/pkg/contractclient/contractclient.go:118.3,119.17 2 0
github.com/ethereum/go-ethereum/NFTCollateral/pkg/contractclient/contractclient.go:119.17,121.4 1 0
github.com/ethereum/go-ethereum/NFTCollateral/pkg/contractclient/contractclient.go:123.3,126.20 3 0
github.com/ethereum/go-ethereum/NFTCollateral/pkg/contractclient/contractclient.go:126.20,128.18 2 0
github.com/ethereum/go-ethereum/NFTCollateral/pkg/contractclient/contractclient.go:128.18,130.5 1 0
github.com/ethereum/go-ethereum/NFTCollateral/pkg/contractclient/contractclient.go:131.9,134.18 2 0
github.com/ethereum/go-ethereum/NFTCollateral/pkg/contractclient/contractclient.go:134.18,136.5 1 0
github.com/ethereum/go-ethereum/NFTCollateral/pkg/contractclient/contractclient.go:138.4,138.109 1 0
github.com/ethereum/go-ethereum/NFTCollateral/pkg/contractclient/contractclient.go:143.115,145.20 1 0
github.com/ethereum/go-ethereum/NFTCollateral/pkg/contractclient/contractclient.go:145.20,147.3 1 0
github.com/ethereum/go-ethereum/NFTCollateral/pkg/contractclient/contractclient.go:149.2,150.16 2 0
github.com/ethereum/go-ethereum/NFTCollateral/pkg/contractclient/contractclient.go:150.16,152.3 1 0
github.com/ethereum/go-ethereum/NFTCollateral/pkg/contractclient/contractclient.go:155.2,156.16 2 0
github.com/ethereum/go-ethereum/NFTCollateral/pkg/contractclient/contractclient.go:156.16,158.3 1 0
github.com/ethereum/go-ethereum/NFTCollateral/pkg/contractclient/contractclient.go:160.2,161.16 2 0
github.com/ethereum/go-ethereum/NFTCollateral/pkg/contractclient/contractclient.go:161.16,163.3 1 0
github.com/ethereum/go-ethereum/NFTCollateral/pkg/contractclient/contractclient.go:165.2,165.20 1 0
github.com/ethereum/go-ethereum/NFTCollateral/pkg/contractclient/contractclient.go:165.20,168.3 2 0
github.com/ethereum/go-ethereum/NFTCollateral/pkg/contractclient/contractclient.go:171.2,172.16 2 0
github.com/ethereum/go-ethereum/NFTCollateral/pkg/contractclient/contractclient.go:172.16,174.3 1 0
github.com/ethereum/go-ethereum/NFTCollateral/pkg/contractclient/contractclient.go:177.2,178.16 2 0
github.com/ethereum/go-ethereum/NFTCollateral/pkg/contractclient/contractclient.go:178.16,180.3 1 0
github.com/ethereum/go-ethereum/NFTCollateral/pkg/contractclient/contractclient.go:183.2,184.16 2 0
github.com/ethereum/go-ethereum/NFTCollateral/pkg/contractclient/contractclient.go:184.16,186.3 1 0
github.com/ethereum/go-ethereum/NFTCollateral/pkg/contractclient/contractclient.go:189.2,190.16 2 0
github.com/ethereum/go-ethereum/NFTCollateral/pkg/contractclient/contractclient.go:190.16,192.3 1 0
github.com/ethereum/go-ethereum/NFTCollateral/pkg/contractclient/contractclient.go:194.2,195.16 2 0
github.com/ethereum/go-ethereum/NFTCollateral/pkg/contractclient/contractclient.go:195.16,197.3 1 0
github.com/ethereum/go-ethereum/NFTCollateral/pkg/contractclient/contractclient.go:199.2,204.16 4 0
github.com/ethereum/go-ethereum/NFTCollateral/pkg/contractclient/contractclient.go:204.16,206.3 1 0
github.com/ethereum/go-ethereum/NFTCollateral/pkg/contractclient/contractclient.go:207.2,214.16 5 0
github.com/ethereum/go-ethereum/NFTCollateral/pkg/contractclient/contractclient.go:214.16,215.38 1 0
github.com/ethereum/go-ethereum/NFTCollateral/pkg/contractclient/contractclient.go:215.38,220.4 3 0
github.com/ethereum/go-ethereum/NFTCollateral/pkg/contractclient/contractclient.go:223.2,224.21 2 0
github.com/ethereum/go-ethereum/NFTCollateral/pkg/contractclient/contractclient.go:228.97,247.34 8 0
github.com/ethereum/go-ethereum/NFTCollateral/pkg/contractclient/contractclient.go:247.34,249.3 1 0
github.com/ethereum/go-ethereum/NFTCollateral/pkg/contractclient/contractclient.go:251.2,252.16 2 0
github.com/ethereum/go-ethereum/NFTCollateral/pkg/contractclient/contractclient.go:252.16,254.3 1 0
github.com/ethereum/go-ethereum/NFTCollateral/pkg/contractclient/contractclient.go:257.2,259.24 3 0
github.com/ethereum/go-ethereum/NFTCollateral/pkg/contractclient/contractclient.go:259.24,260.43 1 0
github.com/ethereum/go-ethereum/NFTCollateral/pkg/contractclient/contractclient.go:260.43,262.4 1 0
github.com/ethereum/go-ethereum/NFTCollateral/pkg/contractclient/contractclient.go:263.3,263.36 1 0
github.com/ethereum/go-ethereum/NFTCollateral/pkg/contractclient/contractclient.go:264.8,264.36 1 0
github.com/ethereum/go-ethereum/NFTCollateral/pkg/contractclient/contractclient.go:264.36,266.3 1 0
github.com/ethereum/go-ethereum/NFTCollateral/pkg/contractclient/contractclient.go:266.8,269.3 2 0
github.com/ethereum/go-ethereum/NFTCollateral/pkg/contractclient/contractclient.go:271.2,271.22 1 0
github.com/ethereum/go-ethereum/NFTCollateral/pkg/contractclient/contractclient.go:284.31,289.16 3 0
github.com/ethereum/go-ethereum/NFTCollateral/pkg/contractclient/contractclient.go:289.16,291.3 1 0
github.com/ethereum/go-ethereum/NFTCollateral/pkg/contractclient/contractclient.go:294.2,295.16 2 0
github.com/ethereum/go-ethereum/NFTCollateral/pkg/contractclient/contractclient.go:295.16,297.3 1 0
github.com/ethereum/go-ethereum/NFTCollateral/pkg/contractclient/contractclient.go:299.2,300.16 2 0
github.com/ethereum/go-ethereum/NFTCollateral/pkg/contractclient/contractclient.go:300.16,302.3 1 0
github.com/ethereum/go-ethereum/NFTCollateral/pkg/contractclient/contractclient.go:304.2,304.20 1 0
github.com/ethereum/go-ethereum/NFTCollateral/pkg/contractclient/contractclient.go:304.20,307.3 2 0
github.com/ethereum/go-ethereum/NFTCollateral/pkg/contractclient/contractclient.go:309.2,310.13 2 0
github.com/ethereum/go-ethereum/NFTCollateral/pkg/contractclient/contractclient.go:310.13,312.3 1 0
github.com/ethereum/go-ethereum/NFTCollateral/pkg/contractclient/contractclient.go:315.2,317.40 2 0
github.com/ethereum/go-ethereum/NFTCollateral/pkg/contractclient/contractclient.go:317.40,319.3 1 0
github.com/ethereum/go-ethereum/NFTCollateral/pkg/contractclient/contractclient.go:321.2,322.16 2 0
github.com/ethereum/go-ethereum/NFTCollateral/pkg/contractclient/contractclient.go:322.16,324.3 1 0
github.com/ethereum/go-ethereum/NFTCollateral/pkg/contractclient/contractclient.go:327.2,328.16 2 0
github.com/ethereum/go-ethereum/NFTCollateral/pkg/contractclient/contractclient.go:328.16,330.3 1 0
github.com/ethereum/go-ethereum/NFTCollateral/pkg/contractclient/contractclient.go:333.2,334.16 2 0
github.com/ethereum/go-ethereum/NFTCollateral/pkg/contractclient/contractclient.go:334.16,336.3 1 0
github.com/ethereum/go-ethereum/NFTCollateral/pkg/contractclient/contractclient.go:339.2,340.16 2 0
github.com/ethereum/go-ethereum/NFTCollateral/pkg/contractclient/contractclient.go:340.16,342.3 1 0
github.com/ethereum/go-ethereum/NFTCollateral/pkg/contractclient/contractclient.go:344.2,350.16 4 0
github.com/ethereum/go-ethereum/NFTCollateral/pkg/contractclient/contractclient.go:350.16,352.3 1 0
github.com/ethereum/go-ethereum/NFTCollateral/pkg/contractclient/contractclient.go:354.2,355.16 2 0
github.com/ethereum/go-ethereum/NFTCollateral/pkg/contractclient/contractclient.go:355.16,357.3 1 0
github.com/ethereum/go-ethereum/NFTCollateral/pkg/contractclient/contractclient.go:359.2,363.16 3 0
github.com/ethereum/go-ethereum/NFTCollateral/pkg/contractclient/contractclient.go:363.16,365.3 1 0
github.com/ethereum/go-ethereum/NFTCollateral/pkg/contractclient/contractclient.go:368.2,369.16 2 0
github.com/ethereum/go-ethereum/NFTCollateral/pkg/contractclient/contractclient.go:369.16,371.3 1 0
github.com/ethereum/go-ethereum/NFTCollateral/pkg/contractclient/contractclient.go:373.2,374.21 2 0
github.com/ethereum/go-ethereum/NFTCollateral/pkg/contractclient/contractclient.go:374.21,375.51 1 0
github.com/ethereum/go-ethereum/NFTCollateral/pkg/contractclient/contractclient.go:375.51,376.38 1 0
github.com/ethereum/go-ethereum/NFTCollateral/pkg/contractclient/contractclient.go:376.38,378.71 2 0
github.com/ethereum/go-ethereum/NFTCollateral/pkg/contractclient/contractclient.go:378.71,380.6 1 0
github.com/ethereum/go-ethereum/NFTCollateral/pkg/contractclient/contractclient.go:385.2,385.22 1 0
github.com/ethereum/go-ethereum/NFTCollateral/pkg/contractclient/contractclient.go:393.9,396.16 2 0
github.com/ethereum/go-ethereum/NFTCollateral/pkg/contractclient/contractclient.go:396.16,398.3 1 0
github.com/ethereum/go-ethereum/NFTCollateral/pkg/contractclient/contractclient.go:401.2,402.16 2 0
github.com/ethereum/go-ethereum/NFTCollateral/pkg/contractclient/contractclient.go:402.16,404.3 1 0
github.com/ethereum/go-ethereum/NFTCollateral/pkg/contractclient/contractclient.go:406.2,407.16 2 0
github.com/ethereum/go-ethereum/NFTCollateral/pkg/contractclient/contractclient.go:407.16,409.3 1 0
github.com/ethereum/go-ethereum/NFTCollateral/pkg/contractclient/contractclient.go:411.2,411.20 1 0
github.com/ethereum/go-ethereum/NFTCollateral/pkg/contractclient/contractclient.go:411.20,414.3 2 0
github.com/ethereum/go-ethereum/NFTCollateral/pkg/contractclient/contractclient.go:416.2,417.13 2 0
github.com/ethereum/go-ethereum/NFTCollateral/pkg/contractclient/contractclient.go:417.13,419.3 1 0
github.com/ethereum/go-ethereum/NFTCollateral/pkg/contractclient/contractclient.go:422.2,424.40 2 0
github.com/ethereum/go-ethereum/NFTCollateral/pkg/contractclient/contractclient.go:424.40,426.3 1 0
github.com/ethereum/go-ethereum/NFTCollateral/pkg/contractclient/contractclient.go:428.2,429.16 2 0
github.com/ethereum/go-ethereum/NFTCollateral/pkg/contractclient/contractclient.go:429.16,431.3 1 0
github.com/ethereum/go-ethereum/NFTCollateral/pkg/contractclient/contractclient.go:434.2,435.16 2 0
github.com/ethereum/go-ethereum/NFTCollateral/pkg/contractclient/contractclient.go:435.16,437.3 1 0
github.com/ethereum/go-ethereum/NFTCollateral/pkg/contractclient/contractclient.go:439.2,446.16 3 0
github.com/ethereum/go-ethereum/NFTCollateral/pkg/contractclient/contractclient.go:446.16,448.3 1 0
github.com/ethereum/go-ethereum/NFTCollateral/pkg/contractclient/contractclient.go:451.2,453.16 3 0
github.com/ethereum/go-ethereum/NFTCollateral/pkg/contractclient/contractclient.go:453.16,455.3 1 0
github.com/ethereum/go-ethereum/NFTCollateral/pkg/contractclient/contractclient.go:457.2,457.34 1 0
github.com/ethereum/go-ethereum/NFTCollateral/pkg/contractclient/contractclient.go:457.34,459.3 1 0
github.com/ethereum/go-ethereum/NFTCollateral/pkg/contractclient/contractclient.go:461.2,461.12 1 0
github.com/ethereum/go-ethereum/NFTCollateral/pkg/contractclient/contractclient.go:464.49,467.16 2 0
github.com/ethereum/go-ethereum/NFTCollateral/pkg/contractclient/contractclient.go:467.16,470.3 2 0
github.com/ethereum/go-ethereum/NFTCollateral/pkg/contractclient/contractclient.go:472.2,473.37 2 0
github.com/ethereum/go-ethereum/NFTCollateral/pkg/contractclient/contractclient.go:473.37,475.3 1 0
github.com/ethereum/go-ethereum/NFTCollateral/pkg/contractclient/contractclient.go:480.105,482.13 2 1
github.com/ethereum/go-ethereum/NFTCollateral/pkg/contractclient/contractclient.go:482.13,484.3 1 0
github.com/ethereum/go-ethereum/NFTCollateral/pkg/contractclient/contractclient.go:486.2,486.40 1 1
github.com/ethereum/go-ethereum/NFTCollateral/pkg/contractclient/contractclient.go:486.40,488.3 1 0
github.com/ethereum/go-ethereum/NFTCollateral/pkg/contractclient/contractclient.go:490.2,491.38 2 1
github.com/ethereum/go-ethereum/NFTCollateral/pkg/contractclient/contractclient.go:491.38,493.23 2 1
github.com/ethereum/go-ethereum/NFTCollateral/pkg/contractclient/contractclient.go:494.21,495.38 1 1
github.com/ethereum/go-ethereum/NFTCollateral/pkg/contractclient/contractclient.go:497.30,499.11 2 1
github.com/ethereum/go-ethereum/NFTCollateral/pkg/contractclient/contractclient.go:499.11,501.5 1 0
github.com/ethereum/go-ethereum/NFTCollateral/pkg/contractclient/contractclient.go:502.4,502.41 1 1
github.com/ethereum/go-ethereum/NFTCollateral/pkg/contractclient/contractclient.go:504.19,506.18 2 1
github.com/ethereum/go-ethereum/NFTCollateral/pkg/contractclient/contractclient.go:506.18,508.5 1 0
github.com/ethereum/go-ethereum/NFTCollateral/pkg/contractclient/contractclient.go:509.4,509.42 1 1
github.com/ethereum/go-ethereum/NFTCollateral/pkg/contractclient/contractclient.go:511.22,512.33 1 0
github.com/ethereum/go-ethereum/NFTCollateral/pkg/contractclient/contractclient.go:512.33,514.5 1 0
github.com/ethereum/go-ethereum/NFTCollateral/pkg/contractclient/contractclient.go:515.4,515.59 1 0
github.com/ethereum/go-ethereum/NFTCollateral/pkg/contractclient/contractclient.go:517.11,519.89 1 0
github.com/ethereum/go-ethereum/NFTCollateral/pkg/contractclient/contractclient.go:523.2,523.23 1 1
github.com/ethereum/go-ethereum/NFTCollateral/pkg/contractclient/contractclient.go:526.71,530.16 3 1
github.com/ethereum/go-ethereum/NFTCollateral/pkg/contractclient/contractclient.go:530.16,532.3 1 0
github.com/ethereum/go-ethereum/NFTCollateral/pkg/contractclient/contractclient.go:533.2,535.16 3 1
github.com/ethereum/go-ethereum/NFTCollateral/pkg/contractclient/contractclient.go:535.16,537.3 1 0
github.com/ethereum/go-ethereum/NFTCollateral/pkg/contractclient/contractclient.go:538.2,538.19 1 1
github.com/ethereum/go-ethereum/NFTCollateral/pkg/contractclient/contractclient.go:542.68,545.16 3 1
github.com/ethereum/go-ethereum/NFTCollateral/pkg/contractclient/contractclient.go:545.16,547.3 1 0
github.com/ethereum/go-ethereum/NFTCollateral/pkg/contractclient/contractclient.go:549.2,550.38 2 1
github.com/ethereum/go-ethereum/NFTCollateral/pkg/contractclient/contractclient.go:550.38,551.55 1 1
github.com/ethereum/go-ethereum/NFTCollateral/pkg/contractclient/contractclient.go:551.55,553.4 1 1
github.com/ethereum/go-ethereum/NFTCollateral/pkg/contractclient/contractclient.go:556.2,556.42 1 1
