mode: set
github.com/ethereum/go-ethereum/NFTCollateral/pkg/contractclient/contractclient.go:50.20,64.2 13 0
github.com/ethereum/go-ethereum/NFTCollateral/pkg/contractclient/contractclient.go:66.13,80.11 11 0
github.com/ethereum/go-ethereum/NFTCollateral/pkg/contractclient/contractclient.go:80.11,83.3 2 0
github.com/ethereum/go-ethereum/NFTCollateral/pkg/contractclient/contractclient.go:86.2,86.87 1 0
github.com/ethereum/go-ethereum/NFTCollateral/pkg/contractclient/contractclient.go:86.87,88.3 1 0
github.com/ethereum/go-ethereum/NFTCollateral/pkg/contractclient/contractclient.go:90.2,91.16 2 0
github.com/ethereum/go-ethereum/NFTCollateral/pkg/contractclient/contractclient.go:91.16,93.3 1 0
github.com/ethereum/go-ethereum/NFTCollateral/pkg/contractclient/contractclient.go:96.2,96.34 1 0
github.com/ethereum/go-ethereum/NFTCollateral/pkg/contractclient/contractclient.go:96.34,99.17 2 0
github.com/ethereum/go-ethereum/NFTCollateral/pkg/contractclient/contractclient.go:99.17,101.4 1 0
github.com/ethereum/go-ethereum/NFTCollateral/pkg/contractclient/contractclient.go:102.3,102.66 1 0
github.com/ethereum/go-ethereum/NFTCollateral/pkg/contractclient/contractclient.go:103.8,105.24 1 0
github.com/ethereum/go-ethereum/NFTCollateral/pkg/contractclient/contractclient.go:105.24,107.4 1 0
github.com/ethereum/go-ethereum/NFTCollateral/pkg/contractclient/contractclient.go:110.3,111.17 2 0
github.com/ethereum/go-ethereum/NFTCollateral/pkg/contractclient/contractclient.go:111.17,113.4 1 0
github.com/ethereum/go-ethereum/NFTCollateral/pkg/contractclient/contractclient.go:115.3,121.17 5 0
github.com/ethereum/go-ethereum/NFTCollateral/pkg/contractclient/contractclient.go:121.17,123.4 1 0
github.com/ethereum/go-ethereum/NFTCollateral/pkg/contractclient/contractclient.go:125.3,125.108 1 0
github.com/ethereum/go-ethereum/NFTCollateral/pkg/contractclient/contractclient.go:129.157,131.20 1 0
github.com/ethereum/go-ethereum/NFTCollateral/pkg/contractclient/contractclient.go:131.20,133.3 1 0
github.com/ethereum/go-ethereum/NFTCollateral/pkg/contractclient/contractclient.go:135.2,136.16 2 0
github.com/ethereum/go-ethereum/NFTCollateral/pkg/contractclient/contractclient.go:136.16,138.3 1 0
github.com/ethereum/go-ethereum/NFTCollateral/pkg/contractclient/contractclient.go:141.2,142.16 2 0
github.com/ethereum/go-ethereum/NFTCollateral/pkg/contractclient/contractclient.go:142.16,144.3 1 0
github.com/ethereum/go-ethereum/NFTCollateral/pkg/contractclient/contractclient.go:146.2,147.16 2 0
github.com/ethereum/go-ethereum/NFTCollateral/pkg/contractclient/contractclient.go:147.16,149.3 1 0
github.com/ethereum/go-ethereum/NFTCollateral/pkg/contractclient/contractclient.go:151.2,151.20 1 0
github.com/ethereum/go-ethereum/NFTCollateral/pkg/contractclient/contractclient.go:151.20,153.3 1 0
github.com/ethereum/go-ethereum/NFTCollateral/pkg/contractclient/contractclient.go:156.2,157.16 2 0
github.com/ethereum/go-ethereum/NFTCollateral/pkg/contractclient/contractclient.go:157.16,159.3 1 0
github.com/ethereum/go-ethereum/NFTCollateral/pkg/contractclient/contractclient.go:162.2,163.16 2 0
github.com/ethereum/go-ethereum/NFTCollateral/pkg/contractclient/contractclient.go:163.16,165.3 1 0
github.com/ethereum/go-ethereum/NFTCollateral/pkg/contractclient/contractclient.go:167.2,168.16 2 0
github.com/ethereum/go-ethereum/NFTCollateral/pkg/contractclient/contractclient.go:168.16,170.3 1 0
github.com/ethereum/go-ethereum/NFTCollateral/pkg/contractclient/contractclient.go:172.2,177.16 4 0
github.com/ethereum/go-ethereum/NFTCollateral/pkg/contractclient/contractclient.go:177.16,179.3 1 0
github.com/ethereum/go-ethereum/NFTCollateral/pkg/contractclient/contractclient.go:182.2,183.16 2 0
github.com/ethereum/go-ethereum/NFTCollateral/pkg/contractclient/contractclient.go:183.16,185.3 1 0
github.com/ethereum/go-ethereum/NFTCollateral/pkg/contractclient/contractclient.go:186.2,193.16 5 0
github.com/ethereum/go-ethereum/NFTCollateral/pkg/contractclient/contractclient.go:193.16,194.38 1 0
github.com/ethereum/go-ethereum/NFTCollateral/pkg/contractclient/contractclient.go:194.38,199.4 3 0
github.com/ethereum/go-ethereum/NFTCollateral/pkg/contractclient/contractclient.go:202.2,203.21 2 0
github.com/ethereum/go-ethereum/NFTCollateral/pkg/contractclient/contractclient.go:207.97,227.34 8 0
github.com/ethereum/go-ethereum/NFTCollateral/pkg/contractclient/contractclient.go:227.34,229.3 1 0
github.com/ethereum/go-ethereum/NFTCollateral/pkg/contractclient/contractclient.go:231.2,232.16 2 0
github.com/ethereum/go-ethereum/NFTCollateral/pkg/contractclient/contractclient.go:232.16,234.3 1 0
github.com/ethereum/go-ethereum/NFTCollateral/pkg/contractclient/contractclient.go:237.2,239.24 3 0
github.com/ethereum/go-ethereum/NFTCollateral/pkg/contractclient/contractclient.go:239.24,240.43 1 0
github.com/ethereum/go-ethereum/NFTCollateral/pkg/contractclient/contractclient.go:240.43,242.4 1 0
github.com/ethereum/go-ethereum/NFTCollateral/pkg/contractclient/contractclient.go:243.3,243.36 1 0
github.com/ethereum/go-ethereum/NFTCollateral/pkg/contractclient/contractclient.go:244.8,244.36 1 0
github.com/ethereum/go-ethereum/NFTCollateral/pkg/contractclient/contractclient.go:244.36,246.3 1 0
github.com/ethereum/go-ethereum/NFTCollateral/pkg/contractclient/contractclient.go:246.8,249.3 2 0
github.com/ethereum/go-ethereum/NFTCollateral/pkg/contractclient/contractclient.go:251.2,251.22 1 0
github.com/ethereum/go-ethereum/NFTCollateral/pkg/contractclient/contractclient.go:257.116,262.16 3 0
github.com/ethereum/go-ethereum/NFTCollateral/pkg/contractclient/contractclient.go:262.16,264.3 1 0
github.com/ethereum/go-ethereum/NFTCollateral/pkg/contractclient/contractclient.go:267.2,268.16 2 0
github.com/ethereum/go-ethereum/NFTCollateral/pkg/contractclient/contractclient.go:268.16,270.3 1 0
github.com/ethereum/go-ethereum/NFTCollateral/pkg/contractclient/contractclient.go:272.2,273.16 2 0
github.com/ethereum/go-ethereum/NFTCollateral/pkg/contractclient/contractclient.go:273.16,275.3 1 0
github.com/ethereum/go-ethereum/NFTCollateral/pkg/contractclient/contractclient.go:277.2,277.20 1 0
github.com/ethereum/go-ethereum/NFTCollateral/pkg/contractclient/contractclient.go:277.20,280.3 1 0
github.com/ethereum/go-ethereum/NFTCollateral/pkg/contractclient/contractclient.go:282.2,283.13 2 0
github.com/ethereum/go-ethereum/NFTCollateral/pkg/contractclient/contractclient.go:283.13,285.3 1 0
github.com/ethereum/go-ethereum/NFTCollateral/pkg/contractclient/contractclient.go:288.2,290.40 2 0
github.com/ethereum/go-ethereum/NFTCollateral/pkg/contractclient/contractclient.go:290.40,292.3 1 0
github.com/ethereum/go-ethereum/NFTCollateral/pkg/contractclient/contractclient.go:294.2,295.16 2 0
github.com/ethereum/go-ethereum/NFTCollateral/pkg/contractclient/contractclient.go:295.16,297.3 1 0
github.com/ethereum/go-ethereum/NFTCollateral/pkg/contractclient/contractclient.go:300.2,301.16 2 0
github.com/ethereum/go-ethereum/NFTCollateral/pkg/contractclient/contractclient.go:301.16,303.3 1 0
github.com/ethereum/go-ethereum/NFTCollateral/pkg/contractclient/contractclient.go:306.2,307.16 2 0
github.com/ethereum/go-ethereum/NFTCollateral/pkg/contractclient/contractclient.go:307.16,309.3 1 0
github.com/ethereum/go-ethereum/NFTCollateral/pkg/contractclient/contractclient.go:312.2,313.16 2 0
github.com/ethereum/go-ethereum/NFTCollateral/pkg/contractclient/contractclient.go:313.16,315.3 1 0
github.com/ethereum/go-ethereum/NFTCollateral/pkg/contractclient/contractclient.go:318.2,322.16 3 0
github.com/ethereum/go-ethereum/NFTCollateral/pkg/contractclient/contractclient.go:322.16,324.3 1 0
github.com/ethereum/go-ethereum/NFTCollateral/pkg/contractclient/contractclient.go:326.2,327.16 2 0
github.com/ethereum/go-ethereum/NFTCollateral/pkg/contractclient/contractclient.go:327.16,329.3 1 0
github.com/ethereum/go-ethereum/NFTCollateral/pkg/contractclient/contractclient.go:331.2,335.16 3 0
github.com/ethereum/go-ethereum/NFTCollateral/pkg/contractclient/contractclient.go:335.16,337.3 1 0
github.com/ethereum/go-ethereum/NFTCollateral/pkg/contractclient/contractclient.go:340.2,341.16 2 0
github.com/ethereum/go-ethereum/NFTCollateral/pkg/contractclient/contractclient.go:341.16,343.3 1 0
github.com/ethereum/go-ethereum/NFTCollateral/pkg/contractclient/contractclient.go:345.2,347.22 2 0
github.com/ethereum/go-ethereum/NFTCollateral/pkg/contractclient/contractclient.go:351.105,353.13 2 1
github.com/ethereum/go-ethereum/NFTCollateral/pkg/contractclient/contractclient.go:353.13,355.3 1 0
github.com/ethereum/go-ethereum/NFTCollateral/pkg/contractclient/contractclient.go:357.2,357.40 1 1
github.com/ethereum/go-ethereum/NFTCollateral/pkg/contractclient/contractclient.go:357.40,359.3 1 0
github.com/ethereum/go-ethereum/NFTCollateral/pkg/contractclient/contractclient.go:361.2,362.38 2 1
github.com/ethereum/go-ethereum/NFTCollateral/pkg/contractclient/contractclient.go:362.38,364.23 2 1
github.com/ethereum/go-ethereum/NFTCollateral/pkg/contractclient/contractclient.go:365.21,366.38 1 1
github.com/ethereum/go-ethereum/NFTCollateral/pkg/contractclient/contractclient.go:368.30,370.11 2 1
github.com/ethereum/go-ethereum/NFTCollateral/pkg/contractclient/contractclient.go:370.11,372.5 1 0
github.com/ethereum/go-ethereum/NFTCollateral/pkg/contractclient/contractclient.go:373.4,373.41 1 1
github.com/ethereum/go-ethereum/NFTCollateral/pkg/contractclient/contractclient.go:375.19,377.18 2 1
github.com/ethereum/go-ethereum/NFTCollateral/pkg/contractclient/contractclient.go:377.18,379.5 1 0
github.com/ethereum/go-ethereum/NFTCollateral/pkg/contractclient/contractclient.go:380.4,380.42 1 1
github.com/ethereum/go-ethereum/NFTCollateral/pkg/contractclient/contractclient.go:382.22,383.33 1 0
github.com/ethereum/go-ethereum/NFTCollateral/pkg/contractclient/contractclient.go:383.33,385.5 1 0
github.com/ethereum/go-ethereum/NFTCollateral/pkg/contractclient/contractclient.go:386.4,386.59 1 0
github.com/ethereum/go-ethereum/NFTCollateral/pkg/contractclient/contractclient.go:388.11,390.89 1 0
github.com/ethereum/go-ethereum/NFTCollateral/pkg/contractclient/contractclient.go:394.2,394.23 1 1
github.com/ethereum/go-ethereum/NFTCollateral/pkg/contractclient/contractclient.go:397.71,401.16 3 1
github.com/ethereum/go-ethereum/NFTCollateral/pkg/contractclient/contractclient.go:401.16,403.3 1 0
github.com/ethereum/go-ethereum/NFTCollateral/pkg/contractclient/contractclient.go:404.2,406.16 3 1
github.com/ethereum/go-ethereum/NFTCollateral/pkg/contractclient/contractclient.go:406.16,408.3 1 0
github.com/ethereum/go-ethereum/NFTCollateral/pkg/contractclient/contractclient.go:409.2,409.19 1 1
github.com/ethereum/go-ethereum/NFTCollateral/pkg/contractclient/contractclient.go:412.68,415.16 3 1
github.com/ethereum/go-ethereum/NFTCollateral/pkg/contractclient/contractclient.go:415.16,417.3 1 0
github.com/ethereum/go-ethereum/NFTCollateral/pkg/contractclient/contractclient.go:419.2,420.38 2 1
github.com/ethereum/go-ethereum/NFTCollateral/pkg/contractclient/contractclient.go:420.38,421.55 1 1
github.com/ethereum/go-ethereum/NFTCollateral/pkg/contractclient/contractclient.go:421.55,423.4 1 1
github.com/ethereum/go-ethereum/NFTCollateral/pkg/contractclient/contractclient.go:426.2,426.42 1 1
